{
  "stats": {
    "suites": 0,
    "tests": 1,
    "passes": 0,
    "pending": 0,
    "failures": 1,
    "start": "2024-12-22T10:54:57.433Z",
    "end": "2024-12-22T10:54:58.318Z",
    "duration": 885,
    "testsRegistered": 1,
    "passPercent": 0,
    "pendingPercent": 0,
    "other": 0,
    "hasOther": false,
    "skipped": 0,
    "hasSkipped": false
  },
  "results": [
    {
      "uuid": "1bfc3cd5-61e7-4d45-a824-035d0d2e29e4",
      "title": "",
      "fullFile": "cypress\\e2e\\google.js",
      "file": "cypress\\e2e\\google.js",
      "beforeHooks": [],
      "afterHooks": [],
      "tests": [
        {
          "title": "An uncaught error was detected outside of a test",
          "fullTitle": "An uncaught error was detected outside of a test",
          "timedOut": null,
          "duration": 450,
          "state": "failed",
          "speed": null,
          "pass": false,
          "fail": true,
          "pending": false,
          "context": null,
          "code": "throw err;",
          "err": {
            "message": "Error: The following error originated from your test code, not from Cypress.\n\n  > Expected to find a global registry (this usually means you are trying to define steps or hooks in support/e2e.js, which is not supported) (this might be a bug, please report at https://github.com/badeball/cypress-cucumber-preprocessor)\n\nWhen Cypress detects uncaught errors originating from your test code it will automatically fail the current test.\n\nCypress could not associate this error to any specific test.\n\nWe dynamically generated a new test to display this failure.",
            "estack": "Error: The following error originated from your test code, not from Cypress.\n\n  > Expected to find a global registry (this usually means you are trying to define steps or hooks in support/e2e.js, which is not supported) (this might be a bug, please report at https://github.com/badeball/cypress-cucumber-preprocessor)\n\nWhen Cypress detects uncaught errors originating from your test code it will automatically fail the current test.\n\nCypress could not associate this error to any specific test.\n\nWe dynamically generated a new test to display this failure.\n    at createError (node_modules/@badeball/cypress-cucumber-preprocessor/dist/helpers/error.js:10:0)\n    at fail (node_modules/@badeball/cypress-cucumber-preprocessor/dist/helpers/assertions.js:14:0)\n    at assert (node_modules/@badeball/cypress-cucumber-preprocessor/dist/helpers/assertions.js:20:0)\n    at assertAndReturn (node_modules/@badeball/cypress-cucumber-preprocessor/dist/helpers/assertions.js:23:0)\n    at getRegistry (node_modules/@badeball/cypress-cucumber-preprocessor/dist/registry.js:233:0)\n    at defineStep (node_modules/@badeball/cypress-cucumber-preprocessor/dist/entrypoint-browser.js:42:0)\n    at 1.@badeball/cypress-cucumber-preprocessor (cypress/e2e/google.js:3:5)\n    at o (node_modules/browser-pack/_prelude.js:1:0)\n    at r (node_modules/browser-pack/_prelude.js:1:0)\n    at eval (node_modules/browser-pack/_prelude.js:1:0)",
            "diff": null
          },
          "uuid": "ae452c1f-0201-4688-9276-c820ea0153ad",
          "parentUUID": "1bfc3cd5-61e7-4d45-a824-035d0d2e29e4",
          "isHook": false,
          "skipped": false
        }
      ],
      "suites": [],
      "passes": [],
      "failures": [
        "ae452c1f-0201-4688-9276-c820ea0153ad"
      ],
      "pending": [],
      "skipped": [],
      "duration": 450,
      "root": true,
      "rootEmpty": false,
      "_timeout": 2000
    }
  ],
  "meta": {
    "mocha": {
      "version": "7.0.1"
    },
    "mochawesome": {
      "options": {
        "quiet": false,
        "reportFilename": "mochawesome",
        "saveHtml": false,
        "saveJson": true,
        "consoleReporter": "spec",
        "useInlineDiffs": false,
        "code": true
      },
      "version": "7.1.3"
    },
    "marge": {
      "options": {
        "overwrite": false,
        "html": false,
        "json": true,
        "reportDir": "cypress\\reports\\html\\.jsons"
      },
      "version": "6.2.0"
    }
  }
}